{"/workspace/json-prism/src/App.tsx": {"path":"/workspace/json-prism/src/App.tsx","all":false,"statementMap":{"0":{"start":{"line":1,"column":0},"end":{"line":1,"column":53}},"1":{"start":{"line":2,"column":0},"end":{"line":2,"column":44}},"2":{"start":{"line":3,"column":0},"end":{"line":3,"column":0}},"3":{"start":{"line":4,"column":0},"end":{"line":4,"column":22}},"4":{"start":{"line":5,"column":0},"end":{"line":5,"column":23}},"5":{"start":{"line":6,"column":0},"end":{"line":6,"column":21}},"6":{"start":{"line":7,"column":0},"end":{"line":7,"column":79}},"7":{"start":{"line":8,"column":0},"end":{"line":8,"column":15}},"8":{"start":{"line":9,"column":0},"end":{"line":9,"column":26}},"9":{"start":{"line":10,"column":0},"end":{"line":10,"column":24}},"10":{"start":{"line":11,"column":0},"end":{"line":11,"column":24}},"11":{"start":{"line":12,"column":0},"end":{"line":12,"column":16}},"12":{"start":{"line":13,"column":0},"end":{"line":13,"column":4}},"13":{"start":{"line":14,"column":0},"end":{"line":14,"column":12}},"14":{"start":{"line":15,"column":0},"end":{"line":15,"column":23}},"15":{"start":{"line":16,"column":0},"end":{"line":16,"column":17}},"16":{"start":{"line":17,"column":0},"end":{"line":17,"column":20}},"17":{"start":{"line":18,"column":0},"end":{"line":18,"column":4}},"18":{"start":{"line":19,"column":0},"end":{"line":19,"column":20}},"19":{"start":{"line":20,"column":0},"end":{"line":20,"column":22}},"20":{"start":{"line":21,"column":0},"end":{"line":21,"column":2}},"21":{"start":{"line":22,"column":0},"end":{"line":22,"column":0}},"22":{"start":{"line":23,"column":0},"end":{"line":23,"column":16}},"23":{"start":{"line":24,"column":0},"end":{"line":24,"column":57}},"24":{"start":{"line":25,"column":0},"end":{"line":25,"column":80}},"25":{"start":{"line":26,"column":0},"end":{"line":26,"column":57}},"26":{"start":{"line":27,"column":0},"end":{"line":27,"column":54}},"27":{"start":{"line":28,"column":0},"end":{"line":28,"column":53}},"28":{"start":{"line":29,"column":0},"end":{"line":29,"column":0}},"29":{"start":{"line":30,"column":0},"end":{"line":30,"column":54}},"30":{"start":{"line":31,"column":0},"end":{"line":31,"column":23}},"31":{"start":{"line":32,"column":0},"end":{"line":32,"column":24}},"32":{"start":{"line":33,"column":0},"end":{"line":33,"column":25}},"33":{"start":{"line":34,"column":0},"end":{"line":34,"column":20}},"34":{"start":{"line":35,"column":0},"end":{"line":35,"column":12}},"35":{"start":{"line":36,"column":0},"end":{"line":36,"column":5}},"36":{"start":{"line":37,"column":0},"end":{"line":37,"column":9}},"37":{"start":{"line":38,"column":0},"end":{"line":38,"column":38}},"38":{"start":{"line":39,"column":0},"end":{"line":39,"column":27}},"39":{"start":{"line":40,"column":0},"end":{"line":40,"column":20}},"40":{"start":{"line":41,"column":0},"end":{"line":41,"column":17}},"41":{"start":{"line":42,"column":0},"end":{"line":42,"column":63}},"42":{"start":{"line":43,"column":0},"end":{"line":43,"column":25}},"43":{"start":{"line":44,"column":0},"end":{"line":44,"column":5}},"44":{"start":{"line":45,"column":0},"end":{"line":45,"column":8}},"45":{"start":{"line":46,"column":0},"end":{"line":46,"column":0}},"46":{"start":{"line":47,"column":0},"end":{"line":47,"column":84}},"47":{"start":{"line":48,"column":0},"end":{"line":48,"column":36}},"48":{"start":{"line":49,"column":0},"end":{"line":49,"column":21}},"49":{"start":{"line":50,"column":0},"end":{"line":50,"column":26}},"50":{"start":{"line":51,"column":0},"end":{"line":51,"column":35}},"51":{"start":{"line":52,"column":0},"end":{"line":52,"column":32}},"52":{"start":{"line":53,"column":0},"end":{"line":53,"column":52}},"53":{"start":{"line":54,"column":0},"end":{"line":54,"column":26}},"54":{"start":{"line":55,"column":0},"end":{"line":55,"column":5}},"55":{"start":{"line":56,"column":0},"end":{"line":56,"column":27}},"56":{"start":{"line":57,"column":0},"end":{"line":57,"column":19}},"57":{"start":{"line":58,"column":0},"end":{"line":58,"column":0}},"58":{"start":{"line":59,"column":0},"end":{"line":59,"column":40}},"59":{"start":{"line":60,"column":0},"end":{"line":60,"column":44}},"60":{"start":{"line":61,"column":0},"end":{"line":61,"column":17}},"61":{"start":{"line":62,"column":0},"end":{"line":62,"column":0}},"62":{"start":{"line":63,"column":0},"end":{"line":63,"column":42}},"63":{"start":{"line":64,"column":0},"end":{"line":64,"column":9}},"64":{"start":{"line":65,"column":0},"end":{"line":65,"column":42}},"65":{"start":{"line":66,"column":0},"end":{"line":66,"column":51}},"66":{"start":{"line":67,"column":0},"end":{"line":67,"column":27}},"67":{"start":{"line":68,"column":0},"end":{"line":68,"column":20}},"68":{"start":{"line":69,"column":0},"end":{"line":69,"column":17}},"69":{"start":{"line":70,"column":0},"end":{"line":70,"column":30}},"70":{"start":{"line":71,"column":0},"end":{"line":71,"column":5}},"71":{"start":{"line":72,"column":0},"end":{"line":72,"column":17}},"72":{"start":{"line":73,"column":0},"end":{"line":73,"column":0}},"73":{"start":{"line":74,"column":0},"end":{"line":74,"column":41}},"74":{"start":{"line":75,"column":0},"end":{"line":75,"column":20}},"75":{"start":{"line":76,"column":0},"end":{"line":76,"column":23}},"76":{"start":{"line":77,"column":0},"end":{"line":77,"column":18}},"77":{"start":{"line":78,"column":0},"end":{"line":78,"column":19}},"78":{"start":{"line":79,"column":0},"end":{"line":79,"column":31}},"79":{"start":{"line":80,"column":0},"end":{"line":80,"column":37}},"80":{"start":{"line":81,"column":0},"end":{"line":81,"column":5}},"81":{"start":{"line":82,"column":0},"end":{"line":82,"column":8}},"82":{"start":{"line":83,"column":0},"end":{"line":83,"column":0}},"83":{"start":{"line":84,"column":0},"end":{"line":84,"column":46}},"84":{"start":{"line":85,"column":0},"end":{"line":85,"column":29}},"85":{"start":{"line":86,"column":0},"end":{"line":86,"column":42}},"86":{"start":{"line":87,"column":0},"end":{"line":87,"column":18}},"87":{"start":{"line":88,"column":0},"end":{"line":88,"column":19}},"88":{"start":{"line":89,"column":0},"end":{"line":89,"column":8}},"89":{"start":{"line":90,"column":0},"end":{"line":90,"column":0}},"90":{"start":{"line":91,"column":0},"end":{"line":91,"column":85}},"91":{"start":{"line":92,"column":0},"end":{"line":92,"column":50}},"92":{"start":{"line":93,"column":0},"end":{"line":93,"column":34}},"93":{"start":{"line":94,"column":0},"end":{"line":94,"column":5}},"94":{"start":{"line":95,"column":0},"end":{"line":95,"column":16}},"95":{"start":{"line":96,"column":0},"end":{"line":96,"column":17}},"96":{"start":{"line":97,"column":0},"end":{"line":97,"column":29}},"97":{"start":{"line":98,"column":0},"end":{"line":98,"column":31}},"98":{"start":{"line":99,"column":0},"end":{"line":99,"column":39}},"99":{"start":{"line":100,"column":0},"end":{"line":100,"column":27}},"100":{"start":{"line":101,"column":0},"end":{"line":101,"column":29}},"101":{"start":{"line":102,"column":0},"end":{"line":102,"column":7}},"102":{"start":{"line":103,"column":0},"end":{"line":103,"column":12}},"103":{"start":{"line":104,"column":0},"end":{"line":104,"column":43}},"104":{"start":{"line":105,"column":0},"end":{"line":105,"column":14}},"105":{"start":{"line":106,"column":0},"end":{"line":106,"column":72}},"106":{"start":{"line":107,"column":0},"end":{"line":107,"column":27}},"107":{"start":{"line":108,"column":0},"end":{"line":108,"column":29}},"108":{"start":{"line":109,"column":0},"end":{"line":109,"column":7}},"109":{"start":{"line":110,"column":0},"end":{"line":110,"column":5}},"110":{"start":{"line":111,"column":0},"end":{"line":111,"column":26}},"111":{"start":{"line":112,"column":0},"end":{"line":112,"column":8}},"112":{"start":{"line":113,"column":0},"end":{"line":113,"column":0}},"113":{"start":{"line":114,"column":0},"end":{"line":114,"column":75}},"114":{"start":{"line":115,"column":0},"end":{"line":115,"column":0}},"115":{"start":{"line":116,"column":0},"end":{"line":116,"column":10}},"116":{"start":{"line":117,"column":0},"end":{"line":117,"column":25}},"117":{"start":{"line":118,"column":0},"end":{"line":118,"column":33}},"118":{"start":{"line":119,"column":0},"end":{"line":119,"column":30}},"119":{"start":{"line":120,"column":0},"end":{"line":120,"column":59}},"120":{"start":{"line":121,"column":0},"end":{"line":121,"column":18}},"121":{"start":{"line":122,"column":0},"end":{"line":122,"column":80}},"122":{"start":{"line":123,"column":0},"end":{"line":123,"column":69}},"123":{"start":{"line":124,"column":0},"end":{"line":124,"column":71}},"124":{"start":{"line":125,"column":0},"end":{"line":125,"column":31}},"125":{"start":{"line":126,"column":0},"end":{"line":126,"column":19}},"126":{"start":{"line":127,"column":0},"end":{"line":127,"column":87}},"127":{"start":{"line":128,"column":0},"end":{"line":128,"column":129}},"128":{"start":{"line":129,"column":0},"end":{"line":129,"column":16}},"129":{"start":{"line":130,"column":0},"end":{"line":130,"column":55}},"130":{"start":{"line":131,"column":0},"end":{"line":131,"column":14}},"131":{"start":{"line":132,"column":0},"end":{"line":132,"column":40}},"132":{"start":{"line":133,"column":0},"end":{"line":133,"column":75}},"133":{"start":{"line":134,"column":0},"end":{"line":134,"column":23}},"134":{"start":{"line":135,"column":0},"end":{"line":135,"column":19}},"135":{"start":{"line":136,"column":0},"end":{"line":136,"column":70}},"136":{"start":{"line":137,"column":0},"end":{"line":137,"column":17}},"137":{"start":{"line":138,"column":0},"end":{"line":138,"column":19}},"138":{"start":{"line":139,"column":0},"end":{"line":139,"column":92}},"139":{"start":{"line":140,"column":0},"end":{"line":140,"column":24}},"140":{"start":{"line":141,"column":0},"end":{"line":141,"column":19}},"141":{"start":{"line":142,"column":0},"end":{"line":142,"column":14}},"142":{"start":{"line":143,"column":0},"end":{"line":143,"column":15}},"143":{"start":{"line":144,"column":0},"end":{"line":144,"column":0}},"144":{"start":{"line":145,"column":0},"end":{"line":145,"column":29}},"145":{"start":{"line":146,"column":0},"end":{"line":146,"column":39}},"146":{"start":{"line":147,"column":0},"end":{"line":147,"column":41}},"147":{"start":{"line":148,"column":0},"end":{"line":148,"column":74}},"148":{"start":{"line":149,"column":0},"end":{"line":149,"column":18}},"149":{"start":{"line":150,"column":0},"end":{"line":150,"column":19}},"150":{"start":{"line":151,"column":0},"end":{"line":151,"column":34}},"151":{"start":{"line":152,"column":0},"end":{"line":152,"column":29}},"152":{"start":{"line":153,"column":0},"end":{"line":153,"column":57}},"153":{"start":{"line":154,"column":0},"end":{"line":154,"column":42}},"154":{"start":{"line":155,"column":0},"end":{"line":155,"column":30}},"155":{"start":{"line":156,"column":0},"end":{"line":156,"column":12}},"156":{"start":{"line":157,"column":0},"end":{"line":157,"column":16}},"157":{"start":{"line":158,"column":0},"end":{"line":158,"column":30}},"158":{"start":{"line":159,"column":0},"end":{"line":159,"column":23}},"159":{"start":{"line":160,"column":0},"end":{"line":160,"column":36}},"160":{"start":{"line":161,"column":0},"end":{"line":161,"column":31}},"161":{"start":{"line":162,"column":0},"end":{"line":162,"column":39}},"162":{"start":{"line":163,"column":0},"end":{"line":163,"column":12}},"163":{"start":{"line":164,"column":0},"end":{"line":164,"column":68}},"164":{"start":{"line":165,"column":0},"end":{"line":165,"column":14}},"165":{"start":{"line":166,"column":0},"end":{"line":166,"column":0}},"166":{"start":{"line":167,"column":0},"end":{"line":167,"column":40}},"167":{"start":{"line":168,"column":0},"end":{"line":168,"column":41}},"168":{"start":{"line":169,"column":0},"end":{"line":169,"column":65}},"169":{"start":{"line":170,"column":0},"end":{"line":170,"column":42}},"170":{"start":{"line":171,"column":0},"end":{"line":171,"column":37}},"171":{"start":{"line":172,"column":0},"end":{"line":172,"column":73}},"172":{"start":{"line":173,"column":0},"end":{"line":173,"column":21}},"173":{"start":{"line":174,"column":0},"end":{"line":174,"column":37}},"174":{"start":{"line":175,"column":0},"end":{"line":175,"column":75}},"175":{"start":{"line":176,"column":0},"end":{"line":176,"column":21}},"176":{"start":{"line":177,"column":0},"end":{"line":177,"column":132}},"177":{"start":{"line":178,"column":0},"end":{"line":178,"column":23}},"178":{"start":{"line":179,"column":0},"end":{"line":179,"column":23}},"179":{"start":{"line":180,"column":0},"end":{"line":180,"column":134}},"180":{"start":{"line":181,"column":0},"end":{"line":181,"column":25}},"181":{"start":{"line":182,"column":0},"end":{"line":182,"column":23}},"182":{"start":{"line":183,"column":0},"end":{"line":183,"column":18}},"183":{"start":{"line":184,"column":0},"end":{"line":184,"column":16}},"184":{"start":{"line":185,"column":0},"end":{"line":185,"column":0}},"185":{"start":{"line":186,"column":0},"end":{"line":186,"column":39}},"186":{"start":{"line":187,"column":0},"end":{"line":187,"column":64}},"187":{"start":{"line":188,"column":0},"end":{"line":188,"column":41}},"188":{"start":{"line":189,"column":0},"end":{"line":189,"column":47}},"189":{"start":{"line":190,"column":0},"end":{"line":190,"column":20}},"190":{"start":{"line":191,"column":0},"end":{"line":191,"column":17}},"191":{"start":{"line":192,"column":0},"end":{"line":192,"column":43}},"192":{"start":{"line":193,"column":0},"end":{"line":193,"column":52}},"193":{"start":{"line":194,"column":0},"end":{"line":194,"column":91}},"194":{"start":{"line":195,"column":0},"end":{"line":195,"column":20}},"195":{"start":{"line":196,"column":0},"end":{"line":196,"column":14}},"196":{"start":{"line":197,"column":0},"end":{"line":197,"column":16}},"197":{"start":{"line":198,"column":0},"end":{"line":198,"column":14}},"198":{"start":{"line":199,"column":0},"end":{"line":199,"column":13}},"199":{"start":{"line":200,"column":0},"end":{"line":200,"column":0}},"200":{"start":{"line":201,"column":0},"end":{"line":201,"column":33}},"201":{"start":{"line":202,"column":0},"end":{"line":202,"column":50}},"202":{"start":{"line":203,"column":0},"end":{"line":203,"column":15}},"203":{"start":{"line":204,"column":0},"end":{"line":204,"column":10}},"204":{"start":{"line":205,"column":0},"end":{"line":205,"column":3}},"205":{"start":{"line":206,"column":0},"end":{"line":206,"column":1}},"206":{"start":{"line":207,"column":0},"end":{"line":207,"column":0}},"207":{"start":{"line":208,"column":0},"end":{"line":208,"column":18}}},"s":{"0":1,"1":1,"2":1,"3":1,"4":1,"5":1,"6":1,"7":1,"8":1,"9":1,"10":1,"11":1,"12":1,"13":1,"14":1,"15":1,"16":1,"17":1,"18":1,"19":1,"20":1,"21":1,"22":5,"23":5,"24":5,"25":5,"26":5,"27":5,"28":5,"29":5,"30":0,"31":0,"32":0,"33":0,"34":0,"35":0,"36":0,"37":0,"38":0,"39":0,"40":0,"41":0,"42":0,"43":0,"44":5,"45":5,"46":5,"47":0,"48":0,"49":0,"50":0,"51":0,"52":0,"53":0,"54":0,"55":0,"56":5,"57":5,"58":5,"59":0,"60":5,"61":5,"62":5,"63":0,"64":0,"65":0,"66":0,"67":0,"68":0,"69":0,"70":0,"71":5,"72":5,"73":5,"74":1,"75":1,"76":1,"77":1,"78":1,"79":1,"80":1,"81":5,"82":5,"83":5,"84":0,"85":0,"86":0,"87":0,"88":5,"89":5,"90":5,"91":60,"92":48,"93":48,"94":12,"95":12,"96":60,"97":4,"98":16,"99":16,"100":16,"101":16,"102":60,"103":8,"104":40,"105":40,"106":40,"107":40,"108":40,"109":8,"110":12,"111":5,"112":5,"113":5,"114":5,"115":5,"116":5,"117":5,"118":5,"119":5,"120":5,"121":5,"122":5,"123":5,"124":5,"125":5,"126":5,"127":5,"128":5,"129":5,"130":5,"131":5,"132":5,"133":5,"134":5,"135":5,"136":5,"137":5,"138":5,"139":5,"140":5,"141":5,"142":5,"143":5,"144":5,"145":5,"146":5,"147":5,"148":5,"149":5,"150":5,"151":5,"152":5,"153":5,"154":5,"155":5,"156":5,"157":5,"158":5,"159":5,"160":5,"161":5,"162":5,"163":5,"164":5,"165":5,"166":5,"167":5,"168":5,"169":5,"170":5,"171":5,"172":5,"173":5,"174":5,"175":5,"176":5,"177":5,"178":5,"179":5,"180":5,"181":5,"182":5,"183":5,"184":5,"185":5,"186":5,"187":4,"188":4,"189":4,"190":1,"191":1,"192":1,"193":1,"194":1,"195":5,"196":5,"197":5,"198":5,"199":5,"200":5,"201":5,"202":5,"203":5,"204":5,"205":5,"206":1,"207":1},"branchMap":{"0":{"type":"branch","line":23,"loc":{"start":{"line":23,"column":0},"end":{"line":206,"column":1}},"locations":[{"start":{"line":23,"column":0},"end":{"line":206,"column":1}}]},"1":{"type":"branch","line":114,"loc":{"start":{"line":114,"column":16},"end":{"line":114,"column":54}},"locations":[{"start":{"line":114,"column":16},"end":{"line":114,"column":54}}]},"2":{"type":"branch","line":114,"loc":{"start":{"line":114,"column":50},"end":{"line":114,"column":75}},"locations":[{"start":{"line":114,"column":50},"end":{"line":114,"column":75}}]},"3":{"type":"branch","line":148,"loc":{"start":{"line":148,"column":13},"end":{"line":148,"column":43}},"locations":[{"start":{"line":148,"column":13},"end":{"line":148,"column":43}}]},"4":{"type":"branch","line":164,"loc":{"start":{"line":164,"column":11},"end":{"line":164,"column":68}},"locations":[{"start":{"line":164,"column":11},"end":{"line":164,"column":68}}]},"5":{"type":"branch","line":187,"loc":{"start":{"line":187,"column":28},"end":{"line":187,"column":64}},"locations":[{"start":{"line":187,"column":28},"end":{"line":187,"column":64}}]},"6":{"type":"branch","line":187,"loc":{"start":{"line":187,"column":51},"end":{"line":190,"column":20}},"locations":[{"start":{"line":187,"column":51},"end":{"line":190,"column":20}}]},"7":{"type":"branch","line":190,"loc":{"start":{"line":190,"column":14},"end":{"line":195,"column":20}},"locations":[{"start":{"line":190,"column":14},"end":{"line":195,"column":20}}]},"8":{"type":"branch","line":74,"loc":{"start":{"line":74,"column":34},"end":{"line":82,"column":5}},"locations":[{"start":{"line":74,"column":34},"end":{"line":82,"column":5}}]},"9":{"type":"branch","line":91,"loc":{"start":{"line":91,"column":33},"end":{"line":112,"column":5}},"locations":[{"start":{"line":91,"column":33},"end":{"line":112,"column":5}}]},"10":{"type":"branch","line":92,"loc":{"start":{"line":92,"column":16},"end":{"line":92,"column":49}},"locations":[{"start":{"line":92,"column":16},"end":{"line":92,"column":49}}]},"11":{"type":"branch","line":92,"loc":{"start":{"line":92,"column":49},"end":{"line":94,"column":5}},"locations":[{"start":{"line":92,"column":49},"end":{"line":94,"column":5}}]},"12":{"type":"branch","line":94,"loc":{"start":{"line":94,"column":4},"end":{"line":97,"column":28}},"locations":[{"start":{"line":94,"column":4},"end":{"line":97,"column":28}}]},"13":{"type":"branch","line":97,"loc":{"start":{"line":97,"column":28},"end":{"line":103,"column":11}},"locations":[{"start":{"line":97,"column":28},"end":{"line":103,"column":11}}]},"14":{"type":"branch","line":98,"loc":{"start":{"line":98,"column":30},"end":{"line":102,"column":7}},"locations":[{"start":{"line":98,"column":30},"end":{"line":102,"column":7}}]},"15":{"type":"branch","line":103,"loc":{"start":{"line":103,"column":4},"end":{"line":110,"column":5}},"locations":[{"start":{"line":103,"column":4},"end":{"line":110,"column":5}}]},"16":{"type":"branch","line":104,"loc":{"start":{"line":104,"column":42},"end":{"line":109,"column":7}},"locations":[{"start":{"line":104,"column":42},"end":{"line":109,"column":7}}]},"17":{"type":"branch","line":110,"loc":{"start":{"line":110,"column":4},"end":{"line":111,"column":26}},"locations":[{"start":{"line":110,"column":4},"end":{"line":111,"column":26}}]}},"b":{"0":[5],"1":[4],"2":[1],"3":[0],"4":[0],"5":[4],"6":[4],"7":[1],"8":[1],"9":[60],"10":[56],"11":[48],"12":[12],"13":[4],"14":[16],"15":[8],"16":[40],"17":[12]},"fnMap":{"0":{"name":"App","decl":{"start":{"line":23,"column":0},"end":{"line":206,"column":1}},"loc":{"start":{"line":23,"column":0},"end":{"line":206,"column":1}},"line":23},"1":{"name":"onClick","decl":{"start":{"line":139,"column":55},"end":{"line":139,"column":92}},"loc":{"start":{"line":139,"column":55},"end":{"line":139,"column":92}},"line":139},"2":{"name":"onChange","decl":{"start":{"line":153,"column":22},"end":{"line":153,"column":57}},"loc":{"start":{"line":153,"column":22},"end":{"line":153,"column":57}},"line":153}},"f":{"0":5,"1":0,"2":0}}
,"/workspace/json-prism/src/main.tsx": {"path":"/workspace/json-prism/src/main.tsx","all":true,"statementMap":{"0":{"start":{"line":1,"column":0},"end":{"line":1,"column":34}},"1":{"start":{"line":2,"column":0},"end":{"line":2,"column":45}},"2":{"start":{"line":3,"column":0},"end":{"line":3,"column":23}},"3":{"start":{"line":4,"column":0},"end":{"line":4,"column":20}},"4":{"start":{"line":5,"column":0},"end":{"line":5,"column":0}},"5":{"start":{"line":6,"column":0},"end":{"line":6,"column":52}},"6":{"start":{"line":7,"column":0},"end":{"line":7,"column":14}},"7":{"start":{"line":8,"column":0},"end":{"line":8,"column":11}},"8":{"start":{"line":9,"column":0},"end":{"line":9,"column":16}},"9":{"start":{"line":10,"column":0},"end":{"line":10,"column":1}}},"s":{"0":0,"1":0,"2":0,"3":0,"4":0,"5":0,"6":0,"7":0,"8":0,"9":0},"branchMap":{"0":{"type":"branch","line":1,"loc":{"start":{"line":1,"column":225},"end":{"line":10,"column":1}},"locations":[{"start":{"line":1,"column":225},"end":{"line":10,"column":1}}]}},"b":{"0":[0]},"fnMap":{"0":{"name":"(empty-report)","decl":{"start":{"line":1,"column":225},"end":{"line":10,"column":1}},"loc":{"start":{"line":1,"column":225},"end":{"line":10,"column":1}},"line":1}},"f":{"0":0}}
,"/workspace/json-prism/src/components/JsonNode.tsx": {"path":"/workspace/json-prism/src/components/JsonNode.tsx","all":false,"statementMap":{"0":{"start":{"line":1,"column":0},"end":{"line":1,"column":45}},"1":{"start":{"line":2,"column":0},"end":{"line":2,"column":0}},"2":{"start":{"line":3,"column":0},"end":{"line":3,"column":25}},"3":{"start":{"line":4,"column":0},"end":{"line":4,"column":16}},"4":{"start":{"line":5,"column":0},"end":{"line":5,"column":16}},"5":{"start":{"line":6,"column":0},"end":{"line":6,"column":1}},"6":{"start":{"line":7,"column":0},"end":{"line":7,"column":0}},"7":{"start":{"line":8,"column":0},"end":{"line":8,"column":56}},"8":{"start":{"line":9,"column":0},"end":{"line":9,"column":53}},"9":{"start":{"line":10,"column":0},"end":{"line":10,"column":0}},"10":{"start":{"line":11,"column":0},"end":{"line":11,"column":36}},"11":{"start":{"line":12,"column":0},"end":{"line":12,"column":30}},"12":{"start":{"line":13,"column":0},"end":{"line":13,"column":8}},"13":{"start":{"line":14,"column":0},"end":{"line":14,"column":0}},"14":{"start":{"line":15,"column":0},"end":{"line":15,"column":23}},"15":{"start":{"line":16,"column":0},"end":{"line":16,"column":56}},"16":{"start":{"line":17,"column":0},"end":{"line":17,"column":3}},"17":{"start":{"line":18,"column":0},"end":{"line":18,"column":0}},"18":{"start":{"line":19,"column":0},"end":{"line":19,"column":35}},"19":{"start":{"line":20,"column":0},"end":{"line":20,"column":73}},"20":{"start":{"line":21,"column":0},"end":{"line":21,"column":3}},"21":{"start":{"line":22,"column":0},"end":{"line":22,"column":0}},"22":{"start":{"line":23,"column":0},"end":{"line":23,"column":34}},"23":{"start":{"line":24,"column":0},"end":{"line":24,"column":61}},"24":{"start":{"line":25,"column":0},"end":{"line":25,"column":3}},"25":{"start":{"line":26,"column":0},"end":{"line":26,"column":0}},"26":{"start":{"line":27,"column":0},"end":{"line":27,"column":34}},"27":{"start":{"line":28,"column":0},"end":{"line":28,"column":63}},"28":{"start":{"line":29,"column":0},"end":{"line":29,"column":3}},"29":{"start":{"line":30,"column":0},"end":{"line":30,"column":0}},"30":{"start":{"line":31,"column":0},"end":{"line":31,"column":29}},"31":{"start":{"line":32,"column":0},"end":{"line":32,"column":29}},"32":{"start":{"line":33,"column":0},"end":{"line":33,"column":53}},"33":{"start":{"line":34,"column":0},"end":{"line":34,"column":5}},"34":{"start":{"line":35,"column":0},"end":{"line":35,"column":0}},"35":{"start":{"line":36,"column":0},"end":{"line":36,"column":12}},"36":{"start":{"line":37,"column":0},"end":{"line":37,"column":8}},"37":{"start":{"line":38,"column":0},"end":{"line":38,"column":88}},"38":{"start":{"line":39,"column":0},"end":{"line":39,"column":11}},"39":{"start":{"line":40,"column":0},"end":{"line":40,"column":17}},"40":{"start":{"line":41,"column":0},"end":{"line":41,"column":47}},"41":{"start":{"line":42,"column":0},"end":{"line":42,"column":86}},"42":{"start":{"line":43,"column":0},"end":{"line":43,"column":22}},"43":{"start":{"line":44,"column":0},"end":{"line":44,"column":36}},"44":{"start":{"line":45,"column":0},"end":{"line":45,"column":41}},"45":{"start":{"line":46,"column":0},"end":{"line":46,"column":52}},"46":{"start":{"line":47,"column":0},"end":{"line":47,"column":66}},"47":{"start":{"line":48,"column":0},"end":{"line":48,"column":53}},"48":{"start":{"line":49,"column":0},"end":{"line":49,"column":59}},"49":{"start":{"line":50,"column":0},"end":{"line":50,"column":49}},"50":{"start":{"line":51,"column":0},"end":{"line":51,"column":20}},"51":{"start":{"line":52,"column":0},"end":{"line":52,"column":15}},"52":{"start":{"line":53,"column":0},"end":{"line":53,"column":16}},"53":{"start":{"line":54,"column":0},"end":{"line":54,"column":10}},"54":{"start":{"line":55,"column":0},"end":{"line":55,"column":47}},"55":{"start":{"line":56,"column":0},"end":{"line":56,"column":9}},"56":{"start":{"line":57,"column":0},"end":{"line":57,"column":5}},"57":{"start":{"line":58,"column":0},"end":{"line":58,"column":3}},"58":{"start":{"line":59,"column":0},"end":{"line":59,"column":0}},"59":{"start":{"line":60,"column":0},"end":{"line":60,"column":34}},"60":{"start":{"line":61,"column":0},"end":{"line":61,"column":68}},"61":{"start":{"line":62,"column":0},"end":{"line":62,"column":31}},"62":{"start":{"line":63,"column":0},"end":{"line":63,"column":57}},"63":{"start":{"line":64,"column":0},"end":{"line":64,"column":5}},"64":{"start":{"line":65,"column":0},"end":{"line":65,"column":0}},"65":{"start":{"line":66,"column":0},"end":{"line":66,"column":12}},"66":{"start":{"line":67,"column":0},"end":{"line":67,"column":8}},"67":{"start":{"line":68,"column":0},"end":{"line":68,"column":88}},"68":{"start":{"line":69,"column":0},"end":{"line":69,"column":11}},"69":{"start":{"line":70,"column":0},"end":{"line":70,"column":17}},"70":{"start":{"line":71,"column":0},"end":{"line":71,"column":51}},"71":{"start":{"line":72,"column":0},"end":{"line":72,"column":87}},"72":{"start":{"line":73,"column":0},"end":{"line":73,"column":22}},"73":{"start":{"line":74,"column":0},"end":{"line":74,"column":36}},"74":{"start":{"line":75,"column":0},"end":{"line":75,"column":49}},"75":{"start":{"line":76,"column":0},"end":{"line":76,"column":50}},"76":{"start":{"line":77,"column":0},"end":{"line":77,"column":57}},"77":{"start":{"line":78,"column":0},"end":{"line":78,"column":53}},"78":{"start":{"line":79,"column":0},"end":{"line":79,"column":58}},"79":{"start":{"line":80,"column":0},"end":{"line":80,"column":51}},"80":{"start":{"line":81,"column":0},"end":{"line":81,"column":20}},"81":{"start":{"line":82,"column":0},"end":{"line":82,"column":15}},"82":{"start":{"line":83,"column":0},"end":{"line":83,"column":16}},"83":{"start":{"line":84,"column":0},"end":{"line":84,"column":10}},"84":{"start":{"line":85,"column":0},"end":{"line":85,"column":51}},"85":{"start":{"line":86,"column":0},"end":{"line":86,"column":9}},"86":{"start":{"line":87,"column":0},"end":{"line":87,"column":5}},"87":{"start":{"line":88,"column":0},"end":{"line":88,"column":3}},"88":{"start":{"line":89,"column":0},"end":{"line":89,"column":0}},"89":{"start":{"line":90,"column":0},"end":{"line":90,"column":37}},"90":{"start":{"line":91,"column":0},"end":{"line":91,"column":1}},"91":{"start":{"line":92,"column":0},"end":{"line":92,"column":0}},"92":{"start":{"line":93,"column":0},"end":{"line":93,"column":23}}},"s":{"0":1,"1":1,"2":1,"3":1,"4":1,"5":1,"6":1,"7":85,"8":85,"9":85,"10":85,"11":0,"12":85,"13":85,"14":85,"15":6,"16":6,"17":79,"18":85,"19":7,"20":7,"21":72,"22":85,"23":15,"24":15,"25":57,"26":85,"27":37,"28":37,"29":20,"30":85,"31":7,"32":1,"33":1,"34":6,"35":6,"36":6,"37":7,"38":7,"39":7,"40":7,"41":7,"42":7,"43":6,"44":6,"45":24,"46":24,"47":24,"48":24,"49":24,"50":24,"51":6,"52":6,"53":7,"54":7,"55":7,"56":7,"57":7,"58":13,"59":13,"60":13,"61":13,"62":1,"63":1,"64":12,"65":12,"66":12,"67":13,"68":13,"69":13,"70":13,"71":13,"72":13,"73":12,"74":12,"75":46,"76":46,"77":46,"78":46,"79":46,"80":46,"81":12,"82":12,"83":13,"84":13,"85":13,"86":13,"87":13,"88":0,"89":0,"90":0,"91":1,"92":1},"branchMap":{"0":{"type":"branch","line":8,"loc":{"start":{"line":8,"column":0},"end":{"line":91,"column":1}},"locations":[{"start":{"line":8,"column":0},"end":{"line":91,"column":1}}]},"1":{"type":"branch","line":15,"loc":{"start":{"line":15,"column":22},"end":{"line":17,"column":3}},"locations":[{"start":{"line":15,"column":22},"end":{"line":17,"column":3}}]},"2":{"type":"branch","line":17,"loc":{"start":{"line":17,"column":2},"end":{"line":19,"column":34}},"locations":[{"start":{"line":17,"column":2},"end":{"line":19,"column":34}}]},"3":{"type":"branch","line":19,"loc":{"start":{"line":19,"column":34},"end":{"line":21,"column":3}},"locations":[{"start":{"line":19,"column":34},"end":{"line":21,"column":3}}]},"4":{"type":"branch","line":21,"loc":{"start":{"line":21,"column":2},"end":{"line":23,"column":33}},"locations":[{"start":{"line":21,"column":2},"end":{"line":23,"column":33}}]},"5":{"type":"branch","line":23,"loc":{"start":{"line":23,"column":33},"end":{"line":25,"column":3}},"locations":[{"start":{"line":23,"column":33},"end":{"line":25,"column":3}}]},"6":{"type":"branch","line":25,"loc":{"start":{"line":25,"column":2},"end":{"line":27,"column":33}},"locations":[{"start":{"line":25,"column":2},"end":{"line":27,"column":33}}]},"7":{"type":"branch","line":27,"loc":{"start":{"line":27,"column":33},"end":{"line":29,"column":3}},"locations":[{"start":{"line":27,"column":33},"end":{"line":29,"column":3}}]},"8":{"type":"branch","line":29,"loc":{"start":{"line":29,"column":2},"end":{"line":31,"column":28}},"locations":[{"start":{"line":29,"column":2},"end":{"line":31,"column":28}}]},"9":{"type":"branch","line":31,"loc":{"start":{"line":31,"column":28},"end":{"line":58,"column":3}},"locations":[{"start":{"line":31,"column":28},"end":{"line":58,"column":3}}]},"10":{"type":"branch","line":32,"loc":{"start":{"line":32,"column":28},"end":{"line":34,"column":5}},"locations":[{"start":{"line":32,"column":28},"end":{"line":34,"column":5}}]},"11":{"type":"branch","line":34,"loc":{"start":{"line":34,"column":4},"end":{"line":38,"column":65}},"locations":[{"start":{"line":34,"column":4},"end":{"line":38,"column":65}}]},"12":{"type":"branch","line":38,"loc":{"start":{"line":38,"column":52},"end":{"line":38,"column":67}},"locations":[{"start":{"line":38,"column":52},"end":{"line":38,"column":67}}]},"13":{"type":"branch","line":42,"loc":{"start":{"line":42,"column":10},"end":{"line":42,"column":86}},"locations":[{"start":{"line":42,"column":10},"end":{"line":42,"column":86}}]},"14":{"type":"branch","line":43,"loc":{"start":{"line":43,"column":9},"end":{"line":53,"column":16}},"locations":[{"start":{"line":43,"column":9},"end":{"line":53,"column":16}}]},"15":{"type":"branch","line":58,"loc":{"start":{"line":58,"column":2},"end":{"line":88,"column":3}},"locations":[{"start":{"line":58,"column":2},"end":{"line":88,"column":3}}]},"16":{"type":"branch","line":62,"loc":{"start":{"line":62,"column":30},"end":{"line":64,"column":5}},"locations":[{"start":{"line":62,"column":30},"end":{"line":64,"column":5}}]},"17":{"type":"branch","line":64,"loc":{"start":{"line":64,"column":4},"end":{"line":68,"column":65}},"locations":[{"start":{"line":64,"column":4},"end":{"line":68,"column":65}}]},"18":{"type":"branch","line":68,"loc":{"start":{"line":68,"column":52},"end":{"line":68,"column":67}},"locations":[{"start":{"line":68,"column":52},"end":{"line":68,"column":67}}]},"19":{"type":"branch","line":72,"loc":{"start":{"line":72,"column":10},"end":{"line":72,"column":87}},"locations":[{"start":{"line":72,"column":10},"end":{"line":72,"column":87}}]},"20":{"type":"branch","line":73,"loc":{"start":{"line":73,"column":9},"end":{"line":83,"column":16}},"locations":[{"start":{"line":73,"column":9},"end":{"line":83,"column":16}}]},"21":{"type":"branch","line":88,"loc":{"start":{"line":88,"column":2},"end":{"line":91,"column":1}},"locations":[{"start":{"line":88,"column":2},"end":{"line":91,"column":1}}]},"22":{"type":"branch","line":45,"loc":{"start":{"line":45,"column":23},"end":{"line":51,"column":20}},"locations":[{"start":{"line":45,"column":23},"end":{"line":51,"column":20}}]},"23":{"type":"branch","line":50,"loc":{"start":{"line":50,"column":40},"end":{"line":50,"column":49}},"locations":[{"start":{"line":50,"column":40},"end":{"line":50,"column":49}}]},"24":{"type":"branch","line":75,"loc":{"start":{"line":75,"column":25},"end":{"line":81,"column":20}},"locations":[{"start":{"line":75,"column":25},"end":{"line":81,"column":20}}]},"25":{"type":"branch","line":80,"loc":{"start":{"line":80,"column":42},"end":{"line":80,"column":51}},"locations":[{"start":{"line":80,"column":42},"end":{"line":80,"column":51}}]}},"b":{"0":[85],"1":[6],"2":[79],"3":[7],"4":[72],"5":[15],"6":[57],"7":[37],"8":[20],"9":[7],"10":[1],"11":[6],"12":[0],"13":[0],"14":[6],"15":[13],"16":[1],"17":[12],"18":[0],"19":[0],"20":[12],"21":[0],"22":[24],"23":[18],"24":[46],"25":[34]},"fnMap":{"0":{"name":"JsonNode","decl":{"start":{"line":8,"column":0},"end":{"line":91,"column":1}},"loc":{"start":{"line":8,"column":0},"end":{"line":91,"column":1}},"line":8}},"f":{"0":85}}
}
